\BOOKMARK [-1][-]{part.1}{\376\377\000C\000a\000l\000c\000u\000l\000u\000s}{}% 1
\BOOKMARK [0][-]{chapter.1}{\376\377\000M\000a\000c\000l\000a\000u\000r\000i\000n\000\040\000S\000e\000r\000i\000e\000s}{part.1}% 2
\BOOKMARK [1][-]{section.1.1}{\376\377\000I\000n\000t\000r\000o\000d\000u\000c\000t\000i\000o\000n}{chapter.1}% 3
\BOOKMARK [1][-]{section.1.2}{\376\377\000I\000n\000f\000i\000n\000i\000t\000e\000\040\000S\000e\000r\000i\000e\000s}{chapter.1}% 4
\BOOKMARK [2][-]{section*.14}{\376\377\000E\000x\000a\000m\000p\000l\000e\000\040\000T\000a\000s\000k\000s}{section.1.2}% 5
\BOOKMARK [1][-]{section.1.3}{\376\377\000M\000a\000c\000l\000a\000u\000r\000i\000n\000\040\000S\000e\000r\000i\000e\000s}{chapter.1}% 6
\BOOKMARK [2][-]{section*.22}{\376\377\000E\000x\000a\000m\000p\000l\000e\000\040\000T\000a\000s\000k\000s}{section.1.3}% 7
\BOOKMARK [0][-]{chapter.2}{\376\377\000T\000a\000y\000l\000o\000r\000\040\000S\000e\000r\000i\000e\000s}{part.1}% 8
\BOOKMARK [1][-]{section.2.1}{\376\377\000G\000e\000n\000e\000r\000a\000t\000i\000n\000g\000\040\000N\000e\000w\000\040\000S\000e\000r\000i\000e\000s\000\040\000f\000r\000o\000m\000\040\000K\000n\000o\000w\000n\000\040\000S\000e\000r\000i\000e\000s}{chapter.2}% 9
\BOOKMARK [2][-]{section*.30}{\376\377\000E\000x\000a\000m\000p\000l\000e\000\040\000T\000a\000s\000k\000s}{section.2.1}% 10
\BOOKMARK [1][-]{section.2.2}{\376\377\000T\000a\000y\000l\000o\000r\000\040\000S\000e\000r\000i\000e\000s}{chapter.2}% 11
\BOOKMARK [2][-]{section*.35}{\376\377\000E\000x\000a\000m\000p\000l\000e\000\040\000T\000a\000s\000k\000s}{section.2.2}% 12
\BOOKMARK [0][-]{chapter.3}{\376\377\000F\000u\000n\000c\000t\000i\000o\000n\000s\000\040\000o\000f\000\040\000S\000e\000v\000e\000r\000a\000l\000\040\000V\000a\000r\000i\000a\000b\000l\000e\000s}{part.1}% 13
\BOOKMARK [1][-]{section.3.1}{\376\377\000F\000u\000n\000c\000t\000i\000o\000n\000s\000\040\000o\000f\000\040\000T\000w\000o\000\040\000V\000a\000r\000i\000a\000b\000l\000e\000s}{chapter.3}% 14
\BOOKMARK [2][-]{section*.49}{\376\377\000E\000x\000a\000m\000p\000l\000e\000\040\000T\000a\000s\000k\000s}{section.3.1}% 15
\BOOKMARK [1][-]{section.3.2}{\376\377\000L\000e\000v\000e\000l\000\040\000C\000u\000r\000v\000e\000s}{chapter.3}% 16
\BOOKMARK [2][-]{section*.55}{\376\377\000E\000x\000a\000m\000p\000l\000e\000\040\000T\000a\000s\000k\000s}{section.3.2}% 17
\BOOKMARK [1][-]{section.3.3}{\376\377\000S\000u\000r\000f\000a\000c\000e\000s\000\040\000o\000f\000\040\000R\000e\000v\000o\000l\000u\000t\000i\000o\000n}{chapter.3}% 18
\BOOKMARK [2][-]{section*.64}{\376\377\000E\000x\000a\000m\000p\000l\000e\000\040\000T\000a\000s\000k\000s}{section.3.3}% 19
\BOOKMARK [1][-]{section.3.4}{\376\377\000F\000u\000n\000c\000t\000i\000o\000n\000s\000\040\000o\000f\000\040\0003\000\040\000\050\000o\000r\000\040\000m\000o\000r\000e\000\051\000\040\000V\000a\000r\000i\000a\000b\000l\000e\000s}{chapter.3}% 20
\BOOKMARK [0][-]{chapter.4}{\376\377\000P\000a\000r\000t\000i\000a\000l\000\040\000D\000i\000f\000f\000e\000r\000e\000n\000t\000i\000a\000t\000i\000o\000n}{part.1}% 21
\BOOKMARK [1][-]{section.4.1}{\376\377\000P\000a\000r\000t\000i\000a\000l\000\040\000D\000i\000f\000f\000e\000r\000e\000n\000t\000i\000a\000t\000i\000o\000n}{chapter.4}% 22
\BOOKMARK [2][-]{section*.80}{\376\377\000E\000x\000a\000m\000p\000l\000e\000\040\000T\000a\000s\000k\000s}{section.4.1}% 23
\BOOKMARK [1][-]{section.4.2}{\376\377\000H\000i\000g\000h\000e\000r\000\040\000P\000a\000r\000t\000i\000a\000l\000\040\000D\000e\000r\000i\000v\000a\000t\000i\000v\000e\000s}{chapter.4}% 24
\BOOKMARK [2][-]{section*.85}{\376\377\000E\000x\000a\000m\000p\000l\000e\000\040\000T\000a\000s\000k\000s}{section.4.2}% 25
\BOOKMARK [0][-]{chapter.5}{\376\377\000L\000i\000n\000e\000a\000r\000\040\000A\000p\000p\000r\000o\000x\000i\000m\000a\000t\000i\000o\000n\000s}{part.1}% 26
\BOOKMARK [1][-]{section.5.1}{\376\377\000T\000a\000n\000g\000e\000n\000t\000\040\000P\000l\000a\000n\000e\000s}{chapter.5}% 27
\BOOKMARK [2][-]{section*.98}{\376\377\000E\000x\000a\000m\000p\000l\000e\000\040\000T\000a\000s\000k\000s}{section.5.1}% 28
\BOOKMARK [1][-]{section.5.2}{\376\377\000L\000i\000n\000e\000a\000r\000\040\000A\000p\000p\000r\000o\000x\000i\000m\000a\000t\000i\000o\000n\000s}{chapter.5}% 29
\BOOKMARK [2][-]{section*.104}{\376\377\000E\000x\000a\000m\000p\000l\000e\000\040\000T\000a\000s\000k\000s}{section.5.2}% 30
\BOOKMARK [1][-]{section.5.3}{\376\377\000Q\000u\000a\000d\000r\000a\000t\000i\000c\000\040\000A\000p\000p\000r\000o\000x\000i\000m\000a\000t\000i\000o\000n\000s}{chapter.5}% 31
\BOOKMARK [2][-]{section*.109}{\376\377\000E\000x\000a\000m\000p\000l\000e\000\040\000T\000a\000s\000k\000s}{section.5.3}% 32
\BOOKMARK [0][-]{chapter.6}{\376\377\000T\000h\000e\000\040\000D\000i\000r\000e\000c\000t\000i\000o\000n\000a\000l\000\040\000D\000e\000r\000i\000v\000a\000t\000i\000v\000e}{part.1}% 33
\BOOKMARK [1][-]{section.6.1}{\376\377\000D\000i\000r\000e\000c\000t\000i\000o\000n\000a\000l\000\040\000D\000e\000r\000i\000v\000a\000t\000i\000v\000e\000s}{chapter.6}% 34
\BOOKMARK [2][-]{Item.60}{\376\377\000E\000x\000a\000m\000p\000l\000e\000\040\000T\000a\000s\000k\000s}{section.6.1}% 35
\BOOKMARK [1][-]{section.6.2}{\376\377\000I\000n\000\040\000T\000h\000r\000e\000e\000\040\000V\000a\000r\000i\000a\000b\000l\000e\000s}{chapter.6}% 36
\BOOKMARK [2][-]{section*.128}{\376\377\000E\000x\000a\000m\000p\000l\000e\000\040\000T\000a\000s\000k\000s}{section.6.2}% 37
\BOOKMARK [0][-]{chapter.7}{\376\377\000L\000o\000c\000a\000l\000\040\000a\000n\000d\000\040\000G\000l\000o\000b\000a\000l\000\040\000E\000x\000t\000r\000e\000m\000a}{part.1}% 38
\BOOKMARK [1][-]{section.7.1}{\376\377\000C\000r\000i\000t\000i\000c\000a\000l\000\040\000P\000o\000i\000n\000t\000s}{chapter.7}% 39
\BOOKMARK [2][-]{section*.138}{\376\377\000E\000x\000a\000m\000p\000l\000e\000\040\000T\000a\000s\000k\000s}{section.7.1}% 40
\BOOKMARK [1][-]{section.7.2}{\376\377\000S\000e\000c\000o\000n\000d\000\040\000D\000e\000r\000i\000v\000a\000t\000i\000v\000e\000\040\000T\000e\000s\000t}{chapter.7}% 41
\BOOKMARK [2][-]{section*.143}{\376\377\000E\000x\000a\000m\000p\000l\000e\000\040\000T\000a\000s\000k\000s}{section.7.2}% 42
\BOOKMARK [1][-]{section.7.3}{\376\377\000G\000l\000o\000b\000a\000l\000\040\000E\000x\000t\000r\000e\000m\000a}{chapter.7}% 43
\BOOKMARK [2][-]{section*.157}{\376\377\000E\000x\000a\000m\000p\000l\000e\000\040\000T\000a\000s\000k\000s}{section.7.3}% 44
\BOOKMARK [0][-]{chapter.8}{\376\377\000C\000h\000a\000i\000n\000\040\000R\000u\000l\000e\000s}{part.1}% 45
\BOOKMARK [1][-]{section.8.1}{\376\377\000T\000h\000e\000\040\000S\000i\000n\000g\000l\000e\000\040\000V\000a\000r\000i\000a\000b\000l\000e\000\040\000C\000h\000a\000i\000n\000\040\000R\000u\000l\000e}{chapter.8}% 46
\BOOKMARK [1][-]{section.8.2}{\376\377\000M\000u\000l\000t\000i\000v\000a\000r\000i\000a\000b\000l\000e\000\040\000C\000h\000a\000i\000n\000\040\000R\000u\000l\000e\000s}{chapter.8}% 47
\BOOKMARK [2][-]{section*.170}{\376\377\000E\000x\000a\000m\000p\000l\000e\000\040\000T\000a\000s\000k\000s}{section.8.2}% 48
\BOOKMARK [1][-]{section.8.3}{\376\377\000I\000m\000p\000l\000i\000c\000i\000t\000\040\000D\000i\000f\000f\000e\000r\000e\000n\000t\000i\000a\000t\000i\000o\000n}{chapter.8}% 49
\BOOKMARK [2][-]{section*.175}{\376\377\000E\000x\000a\000m\000p\000l\000e\000\040\000T\000a\000s\000k\000s}{section.8.3}% 50
\BOOKMARK [-1][-]{part.2}{\376\377\000D\000i\000f\000f\000e\000r\000e\000n\000t\000i\000a\000l\000\040\000E\000q\000u\000a\000t\000i\000o\000n\000s}{}% 51
\BOOKMARK [0][-]{chapter.9}{\376\377\000I\000n\000t\000r\000o\000d\000u\000c\000t\000i\000o\000n}{part.2}% 52
\BOOKMARK [1][-]{section.9.1}{\376\377\000I\000n\000t\000r\000o\000d\000u\000c\000t\000i\000o\000n}{chapter.9}% 53
\BOOKMARK [2][-]{section*.187}{\376\377\000E\000x\000a\000m\000p\000l\000e\000\040\000T\000a\000s\000k\000s}{section.9.1}% 54
\BOOKMARK [1][-]{section.9.2}{\376\377\000D\000i\000r\000e\000c\000t\000i\000o\000n\000\040\000F\000i\000e\000l\000d\000s\000\040\000a\000n\000d\000\040\000E\000u\000l\000e\000r\000'\000s\000\040\000M\000e\000t\000h\000o\000d}{chapter.9}% 55
\BOOKMARK [1][-]{section.9.3}{\376\377\000D\000i\000r\000e\000c\000t\000i\000o\000n\000\040\000F\000i\000e\000l\000d\000s}{chapter.9}% 56
\BOOKMARK [1][-]{section.9.4}{\376\377\000E\000u\000l\000e\000r\000'\000s\000\040\000M\000e\000t\000h\000o\000d}{chapter.9}% 57
\BOOKMARK [2][-]{section*.198}{\376\377\000E\000x\000a\000m\000p\000l\000e\000\040\000T\000a\000s\000k\000s}{section.9.4}% 58
\BOOKMARK [0][-]{chapter.10}{\376\377\000F\000i\000r\000s\000t\000\040\000O\000r\000d\000e\000r\000\040\000S\000e\000p\000a\000r\000a\000b\000l\000e\000\040\000D\000E\000s}{part.2}% 59
\BOOKMARK [1][-]{section.10.1}{\376\377\000F\000i\000r\000s\000t\000\040\000O\000r\000d\000e\000r\000\040\000S\000e\000p\000a\000r\000a\000b\000l\000e\000\040\000D\000E\000s}{chapter.10}% 60
\BOOKMARK [2][-]{section*.210}{\376\377\000E\000x\000a\000m\000p\000l\000e\000\040\000T\000a\000s\000k\000s}{section.10.1}% 61
\BOOKMARK [1][-]{section.10.2}{\376\377\000S\000o\000m\000e\000\040\000S\000i\000m\000p\000l\000e\000\040\000A\000p\000p\000l\000i\000c\000a\000t\000i\000o\000n\000s\000\040\000o\000f\000\040\000F\000i\000r\000s\000t\000\040\000O\000r\000d\000e\000r\000\040\000S\000e\000p\000a\000r\000a\000b\000l\000e\000\040\000D\000E\000s}{chapter.10}% 62
\BOOKMARK [2][-]{equation.10.2.3}{\376\377\000E\000x\000a\000m\000p\000l\000e\000\040\000T\000a\000s\000k\000s}{section.10.2}% 63
\BOOKMARK [0][-]{chapter.11}{\376\377\000F\000i\000r\000s\000t\000\040\000O\000r\000d\000e\000r\000\040\000L\000i\000n\000e\000a\000r\000\040\000D\000E\000s}{part.2}% 64
\BOOKMARK [1][-]{section.11.1}{\376\377\000E\000x\000a\000c\000t\000\040\000F\000i\000r\000s\000t\000\040\000O\000r\000d\000e\000r\000\040\000D\000E\000s}{chapter.11}% 65
\BOOKMARK [1][-]{section.11.2}{\376\377\000F\000i\000r\000s\000t\000\040\000O\000r\000d\000e\000r\000\040\000L\000i\000n\000e\000a\000r\000\040\000D\000E\000s}{chapter.11}% 66
\BOOKMARK [2][-]{section*.227}{\376\377\000E\000x\000a\000m\000p\000l\000e\000\040\000T\000a\000s\000k\000s}{section.11.2}% 67
\BOOKMARK [1][-]{section.11.3}{\376\377\000S\000o\000m\000e\000\040\000S\000i\000m\000p\000l\000e\000\040\000A\000p\000p\000l\000i\000c\000a\000t\000i\000o\000n\000s\000\040\000o\000f\000\040\000F\000i\000r\000s\000t\000\040\000O\000r\000d\000e\000r\000\040\000L\000i\000n\000e\000a\000r\000\040\000D\000E\000s}{chapter.11}% 68
\BOOKMARK [2][-]{section*.233}{\376\377\000E\000x\000a\000m\000p\000l\000e\000\040\000T\000a\000s\000k\000s}{section.11.3}% 69
\BOOKMARK [0][-]{chapter.12}{\376\377\000H\000o\000m\000o\000g\000e\000n\000e\000o\000u\000s\000\040\000S\000e\000c\000o\000n\000d\000\040\000O\000r\000d\000e\000r\000\040\000L\000i\000n\000e\000a\000r\000\040\000D\000E\000s}{part.2}% 70
\BOOKMARK [1][-]{section.12.1}{\376\377\000H\000o\000m\000o\000g\000e\000n\000e\000o\000u\000s\000\040\000S\000e\000c\000o\000n\000d\000\040\000O\000r\000d\000e\000r\000\040\000L\000i\000n\000e\000a\000r\000\040\000D\000E\000s\000\040\000W\000i\000t\000h\000\040\000C\000o\000n\000s\000t\000a\000n\000t\000\040\000C\000o\000e\000f\000f\000i\000c\000i\000e\000n\000t\000s}{chapter.12}% 71
\BOOKMARK [2][-]{section*.247}{\376\377\000E\000x\000a\000m\000p\000l\000e\000\040\000T\000a\000s\000k\000s}{section.12.1}% 72
\BOOKMARK [0][-]{chapter.13}{\376\377\000N\000o\000n\000-\000H\000o\000m\000o\000g\000e\000n\000e\000o\000u\000s\000\040\000S\000e\000c\000o\000n\000d\000\040\000O\000r\000d\000e\000r\000\040\000L\000i\000n\000e\000a\000r\000\040\000D\000E\000s}{part.2}% 73
\BOOKMARK [1][-]{section.13.1}{\376\377\000N\000o\000n\000-\000H\000o\000m\000o\000g\000e\000n\000e\000o\000u\000s\000\040\000F\000i\000r\000s\000t\000\040\000O\000r\000d\000e\000r\000\040\000L\000i\000n\000e\000a\000r\000\040\000D\000E\000s}{chapter.13}% 74
\BOOKMARK [2][-]{section*.251}{\376\377\000E\000x\000a\000m\000p\000l\000e\000\040\000T\000a\000s\000k\000s}{section.13.1}% 75
\BOOKMARK [1][-]{section.13.2}{\376\377\000T\000h\000e\000\040\000M\000e\000t\000h\000o\000d\000\040\000o\000f\000\040\000U\000n\000d\000e\000t\000e\000r\000m\000i\000n\000e\000d\000\040\000C\000o\000e\000f\000f\000i\000c\000i\000e\000n\000t\000s}{chapter.13}% 76
\BOOKMARK [2][-]{section*.258}{\376\377\000E\000x\000a\000m\000p\000l\000e\000\040\000T\000a\000s\000k\000s}{section.13.2}% 77
\BOOKMARK [0][-]{chapter.14}{\376\377\000A\000n\000\040\000A\000p\000p\000l\000i\000c\000a\000t\000i\000o\000n\000\040\000o\000f\000\040\000S\000e\000c\000o\000n\000d\000\040\000O\000r\000d\000e\000r\000\040\000L\000i\000n\000e\000a\000r\000\040\000D\000E\000s\000\040\000w\000i\000t\000h\000\040\000C\000o\000n\000s\000t\000a\000n\000t\000\040\000C\000o\000e\000f\000f\000i\000c\000i\000e\000n\000t\000s}{part.2}% 78
\BOOKMARK [1][-]{section.14.1}{\376\377\000A\000\040\000S\000i\000m\000p\000l\000e\000\040\000M\000o\000d\000e\000l}{chapter.14}% 79
\BOOKMARK [1][-]{section.14.2}{\376\377\000A\000d\000d\000i\000n\000g\000\040\000D\000a\000m\000p\000i\000n\000g}{chapter.14}% 80
\BOOKMARK [1][-]{section.14.3}{\376\377\000A\000d\000d\000i\000n\000g\000\040\000a\000n\000\040\000E\000x\000t\000e\000r\000n\000a\000l\000\040\000F\000o\000r\000c\000e}{chapter.14}% 81
\BOOKMARK [2][-]{section*.269}{\376\377\000E\000x\000a\000m\000p\000l\000e\000\040\000T\000a\000s\000k\000s}{section.14.3}% 82
\BOOKMARK [-1][-]{part.3}{\376\377\000L\000i\000n\000e\000a\000r\000\040\000A\000l\000g\000e\000b\000r\000a}{}% 83
\BOOKMARK [0][-]{chapter.15}{\376\377\000S\000y\000s\000t\000e\000m\000s\000\040\000o\000f\000\040\000L\000i\000n\000e\000a\000r\000\040\000E\000q\000u\000a\000t\000i\000o\000n\000s}{part.3}% 84
\BOOKMARK [1][-]{section.15.1}{\376\377\000I\000n\000t\000r\000o\000d\000u\000c\000t\000i\000o\000n}{chapter.15}% 85
\BOOKMARK [1][-]{section.15.2}{\376\377\000M\000a\000t\000r\000i\000c\000e\000s\000\040\000a\000n\000d\000\040\000S\000y\000s\000t\000e\000m\000s\000\040\000o\000f\000\040\000L\000i\000n\000e\000a\000r\000\040\000E\000q\000u\000a\000t\000i\000o\000n\000s}{chapter.15}% 86
\BOOKMARK [1][-]{section.15.3}{\376\377\000S\000o\000l\000v\000i\000n\000g\000\040\000S\000y\000s\000t\000e\000m\000s\000\040\000o\000f\000\040\000L\000i\000n\000e\000a\000r\000\040\000E\000q\000u\000a\000t\000i\000o\000n\000s}{chapter.15}% 87
\BOOKMARK [2][-]{section*.293}{\376\377\000E\000x\000a\000m\000p\000l\000e\000\040\000T\000a\000s\000k\000s}{section.15.3}% 88
\BOOKMARK [0][-]{chapter.16}{\376\377\000G\000e\000o\000m\000e\000t\000r\000i\000c\000\040\000I\000n\000t\000e\000r\000p\000r\000e\000t\000a\000t\000i\000o\000n\000s\000\040\000o\000f\000\040\000L\000i\000n\000e\000a\000r\000\040\000E\000q\000u\000a\000t\000i\000o\000n\000s}{part.3}% 89
\BOOKMARK [1][-]{section.16.1}{\376\377\000I\000n\000t\000e\000r\000p\000r\000e\000t\000a\000t\000i\000o\000n\000\040\000V\000i\000a\000\040\000R\000o\000w\000s}{chapter.16}% 90
\BOOKMARK [2][-]{section*.297}{\376\377\000E\000x\000a\000m\000p\000l\000e\000\040\000T\000a\000s\000k\000s}{section.16.1}% 91
\BOOKMARK [1][-]{section.16.2}{\376\377\000I\000n\000t\000e\000r\000p\000r\000e\000t\000a\000t\000i\000o\000n\000\040\000V\000i\000a\000\040\000C\000o\000l\000u\000m\000n\000s}{chapter.16}% 92
\BOOKMARK [2][-]{Item.157}{\376\377\000E\000x\000a\000m\000p\000l\000e\000\040\000T\000a\000s\000k\000s}{section.16.2}% 93
\BOOKMARK [0][-]{chapter.17}{\376\377\000M\000a\000t\000r\000i\000x\000\040\000A\000l\000g\000e\000b\000r\000a}{part.3}% 94
\BOOKMARK [1][-]{section.17.1}{\376\377\000I\000n\000t\000r\000o\000d\000u\000c\000t\000i\000o\000n}{chapter.17}% 95
\BOOKMARK [1][-]{section.17.2}{\376\377\000A\000d\000d\000i\000t\000i\000o\000n\000\040\000a\000n\000d\000\040\000S\000c\000a\000l\000a\000r\000\040\000M\000u\000l\000t\000i\000p\000l\000i\000c\000a\000t\000i\000o\000n}{chapter.17}% 96
\BOOKMARK [2][-]{section*.325}{\376\377\000E\000x\000a\000m\000p\000l\000e\000\040\000T\000a\000s\000k\000s}{section.17.2}% 97
\BOOKMARK [1][-]{section.17.3}{\376\377\000M\000a\000t\000r\000i\000x\000\040\000M\000u\000l\000t\000i\000p\000l\000i\000c\000a\000t\000i\000o\000n}{chapter.17}% 98
\BOOKMARK [2][-]{section*.331}{\376\377\000E\000x\000a\000m\000p\000l\000e\000\040\000T\000a\000s\000k\000s}{section.17.3}% 99
\BOOKMARK [1][-]{section.17.4}{\376\377\000M\000a\000t\000r\000i\000c\000e\000s\000\040\000a\000n\000d\000\040\000S\000y\000s\000t\000e\000m\000s\000\040\000o\000f\000\040\000L\000i\000n\000e\000a\000r\000\040\000E\000q\000u\000a\000t\000i\000o\000n\000s}{chapter.17}% 100
\BOOKMARK [2][-]{Item.210}{\376\377\000E\000x\000a\000m\000p\000l\000e\000\040\000T\000a\000s\000k\000s}{section.17.4}% 101
\BOOKMARK [1][-]{section.17.5}{\376\377\000L\000i\000n\000e\000a\000r\000\040\000T\000r\000a\000n\000s\000f\000o\000r\000m\000a\000t\000i\000o\000n\000s}{chapter.17}% 102
\BOOKMARK [2][-]{section*.338}{\376\377\000E\000x\000a\000m\000p\000l\000e\000\040\000T\000a\000s\000k\000s}{section.17.5}% 103
\BOOKMARK [0][-]{chapter.18}{\376\377\000S\000q\000u\000a\000r\000e\000\040\000M\000a\000t\000r\000i\000c\000e\000s}{part.3}% 104
\BOOKMARK [1][-]{section.18.1}{\376\377\000I\000n\000v\000e\000r\000s\000e\000\040\000M\000a\000t\000r\000i\000c\000e\000s}{chapter.18}% 105
\BOOKMARK [2][-]{Item.235}{\376\377\000E\000x\000a\000m\000p\000l\000e\000\040\000T\000a\000s\000k\000s}{section.18.1}% 106
\BOOKMARK [1][-]{section.18.2}{\376\377\000D\000e\000t\000e\000r\000m\000i\000n\000a\000n\000t\000s}{chapter.18}% 107
\BOOKMARK [2][-]{Item.251}{\376\377\000E\000x\000a\000m\000p\000l\000e\000\040\000T\000a\000s\000k\000s}{section.18.2}% 108
\BOOKMARK [0][-]{chapter.19}{\376\377\000E\000i\000g\000e\000n\000v\000a\000l\000u\000e\000s\000\040\000a\000n\000d\000\040\000E\000i\000g\000e\000n\000v\000e\000c\000t\000o\000r\000s}{part.3}% 109
\BOOKMARK [1][-]{section.19.1}{\376\377\000I\000n\000t\000r\000o\000d\000u\000c\000t\000i\000o\000n}{chapter.19}% 110
\BOOKMARK [1][-]{section.19.2}{\376\377\000F\000i\000n\000d\000i\000n\000g\000\040\000E\000i\000g\000e\000n\000v\000a\000l\000u\000e\000s\000\040\000a\000n\000d\000\040\000E\000i\000g\000e\000n\000v\000e\000c\000t\000o\000r\000s}{chapter.19}% 111
\BOOKMARK [2][-]{Item.259}{\376\377\000E\000x\000a\000m\000p\000l\000e\000\040\000T\000a\000s\000k\000s}{section.19.2}% 112
\BOOKMARK [1][-]{section.19.3}{\376\377\000A\000\040\000S\000i\000m\000p\000l\000e\000\040\000A\000p\000p\000l\000i\000c\000a\000t\000i\000o\000n}{chapter.19}% 113
\BOOKMARK [0][-]{chapter.20}{\376\377\000S\000o\000m\000e\000\040\000A\000p\000p\000l\000i\000c\000a\000t\000i\000o\000n\000s\000\040\000o\000f\000\040\000E\000i\000g\000e\000n\000v\000a\000l\000u\000e\000s\000\040\000a\000n\000d\000\040\000E\000i\000g\000e\000n\000v\000e\000c\000t\000o\000r\000s}{part.3}% 114
\BOOKMARK [1][-]{section.20.1}{\376\377\000P\000o\000w\000e\000r\000s\000\040\000o\000f\000\040\000M\000a\000t\000r\000i\000c\000e\000s}{chapter.20}% 115
\BOOKMARK [2][-]{section*.378}{\376\377\000E\000x\000a\000m\000p\000l\000e\000\040\000T\000a\000s\000k\000s}{section.20.1}% 116
\BOOKMARK [1][-]{section.20.2}{\376\377\000C\000o\000u\000p\000l\000e\000d\000\040\000L\000i\000n\000e\000a\000r\000\040\000D\000i\000f\000f\000e\000r\000e\000n\000t\000i\000a\000l\000\040\000E\000q\000u\000a\000t\000i\000o\000n\000s}{chapter.20}% 117
\BOOKMARK [2][-]{section*.386}{\376\377\000E\000x\000a\000m\000p\000l\000e\000\040\000T\000a\000s\000k\000s}{section.20.2}% 118
